<?xml version="1.0" encoding="UTF-8"?>
<!-- Generated by org.testng.reporters.JUnitReportReporter -->
<testsuite hostname="VINSYSLT0170" failures="0" tests="6" name="com.Bookstation.Bookstation_login" time="48.374" errors="0" timestamp="2023-01-17T18:47:19 IST" skipped="0">
  <testcase classname="com.Bookstation.Bookstation_login" name="test01" time="17.851"/>
  <system-out/>
  <testcase classname="com.Bookstation.Bookstation_login" name="test02" time="2.419"/>
  <system-out/>
  <testcase classname="com.Bookstation.Bookstation_login" name="test02" time="3.999"/>
  <system-out/>
  <testcase classname="com.Bookstation.Bookstation_login" name="test02" time="2.791"/>
  <system-out/>
  <testcase classname="com.Bookstation.Bookstation_login" name="test01" time="10.012"/>
  <system-out/>
  <testcase classname="com.Bookstation.Bookstation_login" name="test01" time="11.302"/>
  <system-out/>
</testsuite> <!-- com.Bookstation.Bookstation_login -->
