<?xml version="1.0" encoding="UTF-8"?>
<!-- Generated by org.testng.reporters.JUnitReportReporter -->
<testsuite hostname="VINSYSLT0170" failures="0" tests="1" name="NOV_Practice.pract02" time="6.915" errors="0" timestamp="2023-01-18T12:02:31 IST" skipped="0">
  <testcase classname="NOV_Practice.pract02" name="udemytest" time="6.915"/>
  <system-out/>
</testsuite> <!-- NOV_Practice.pract02 -->
