<?xml version="1.0" encoding="UTF-8"?>
<!-- Generated by org.testng.reporters.JUnitReportReporter -->
<testsuite hostname="VINSYSLT0170" failures="0" tests="1" name="com.makeMyTrip.amazon_brokenlink" time="114.889" errors="0" timestamp="2023-03-20T17:42:11 IST" skipped="0">
  <testcase classname="com.makeMyTrip.amazon_brokenlink" name="AmazonBrokenLink" time="114.889"/>
  <system-out/>
</testsuite> <!-- com.makeMyTrip.amazon_brokenlink -->
