<?xml version="1.0" encoding="UTF-8"?>
<!-- Generated by org.testng.reporters.JUnitReportReporter -->
<testsuite hostname="VINSYSLT0170" failures="0" tests="1" name="demoqa.Apache_POI_Excel_read_write" time="10.415" errors="0" timestamp="2023-03-06T12:26:30 IST" skipped="0">
  <testcase classname="demoqa.Apache_POI_Excel_read_write" name="test01" time="10.415"/>
  <system-out/>
</testsuite> <!-- demoqa.Apache_POI_Excel_read_write -->
