<?xml version="1.0" encoding="UTF-8"?>
<!-- Generated by org.testng.reporters.JUnitReportReporter -->
<testsuite hostname="VINSYSLT0170" name="StudyPrac.Apache_POI_Excel" tests="1" failures="0" timestamp="12 Oct 2022 10:51:39 GMT" time="17.041" errors="0">
  <testcase name="test01" time="17.041" classname="StudyPrac.Apache_POI_Excel"/>
</testsuite> <!-- StudyPrac.Apache_POI_Excel -->
