<?xml version="1.0" encoding="UTF-8"?>
<!-- Generated by org.testng.reporters.JUnitReportReporter -->
<testsuite hostname="VINSYSLT0170" failures="0" tests="1" name="captcha_read_write.captchaRead" time="31.786" errors="0" timestamp="2023-04-18T12:24:42 IST" skipped="0">
  <testcase classname="captcha_read_write.captchaRead" name="f" time="31.786"/>
  <system-out/>
</testsuite> <!-- captcha_read_write.captchaRead -->
