<?xml version="1.0" encoding="UTF-8"?>
<!-- Generated by org.testng.reporters.JUnitReportReporter -->
<testsuite hostname="VINSYSLT0170" failures="0" tests="1" name="com.amazon.amazon_prac" time="156.346" errors="0" timestamp="2023-06-28T18:35:13 IST" skipped="0">
  <testcase classname="com.amazon.amazon_prac" name="jbk_lauch_url" time="156.346"/>
  <system-out/>
</testsuite> <!-- com.amazon.amazon_prac -->
