<?xml version="1.0" encoding="UTF-8"?>
<!-- Generated by org.testng.reporters.JUnitReportReporter -->
<testsuite hostname="VINSYSLT0170" failures="0" tests="1" name="NOV_Practice.selenium_file_download" time="25.559" errors="0" timestamp="2023-03-15T17:22:57 IST" skipped="0">
  <testcase classname="NOV_Practice.selenium_file_download" name="upload" time="25.559"/>
  <system-out/>
</testsuite> <!-- NOV_Practice.selenium_file_download -->
