<?xml version="1.0" encoding="UTF-8"?>
<!-- Generated by org.testng.reporters.JUnitReportReporter -->
<testsuite hostname="VINSYSLT0170" failures="0" tests="1" name="NOV_Practice.pract02" time="8.829" errors="0" timestamp="2023-01-08T20:18:10 IST" skipped="0">
  <testcase classname="NOV_Practice.pract02" name="udemytest" time="8.829"/>
  <system-out/>
</testsuite> <!-- NOV_Practice.pract02 -->
