<?xml version="1.0" encoding="UTF-8"?>
<!-- Generated by org.testng.reporters.JUnitReportReporter -->
<testsuite hostname="VINSYSLT0170" failures="0" tests="1" name="NOV_Practice.selenium_file_upload" time="50.578" errors="0" timestamp="2023-03-15T15:07:16 IST" skipped="0">
  <testcase classname="NOV_Practice.selenium_file_upload" name="upload" time="50.578"/>
  <system-out/>
</testsuite> <!-- NOV_Practice.selenium_file_upload -->
