<?xml version="1.0" encoding="UTF-8"?>
<!-- Generated by org.testng.reporters.JUnitReportReporter -->
<testsuite hostname="VINSYSLT0170" failures="0" tests="1" name="captcha_read_write.kp_login" time="5.252" errors="0" timestamp="2023-06-14T11:58:41 IST" skipped="0">
  <testcase classname="captcha_read_write.kp_login" name="login_kp" time="5.252"/>
  <system-out/>
</testsuite> <!-- captcha_read_write.kp_login -->
