<?xml version="1.0" encoding="UTF-8"?>
<!-- Generated by org.testng.reporters.JUnitReportReporter -->
<testsuite hostname="VINSYSLT0170" name="com.makeMyTrip.Dynamic_dropdown" tests="1" failures="0" timestamp="29 Jun 2022 05:41:06 GMT" time="11.127" errors="0">
  <testcase name="test1" time="11.127" classname="com.makeMyTrip.Dynamic_dropdown"/>
</testsuite> <!-- com.makeMyTrip.Dynamic_dropdown -->
