<?xml version="1.0" encoding="UTF-8"?>
<!-- Generated by org.testng.reporters.JUnitReportReporter -->
<testsuite hostname="VINSYSLT0170" name="com.makeMyTrip.Prac01" tests="1" failures="0" timestamp="8 Sep 2022 10:40:26 GMT" time="35.870" errors="0">
  <testcase name="loginpage" time="35.870" classname="com.makeMyTrip.Prac01"/>
</testsuite> <!-- com.makeMyTrip.Prac01 -->
