<?xml version="1.0" encoding="UTF-8"?>
<!-- Generated by org.testng.reporters.JUnitReportReporter -->
<testsuite hostname="VINSYSLT0170" failures="0" tests="1" name="StudyPrac.check" time="20.335" errors="0" timestamp="2022-12-13T18:49:34 IST" skipped="0">
  <testcase classname="StudyPrac.check" name="initialize_Browser" time="20.335"/>
  <system-out/>
</testsuite> <!-- StudyPrac.check -->
