<?xml version="1.0" encoding="UTF-8"?>
<!-- Generated by org.testng.reporters.JUnitReportReporter -->
<testsuite hostname="VINSYSLT0170" failures="0" tests="1" name="NOV_Practice.Test_Nov" time="14.909" errors="0" timestamp="2023-01-07T20:30:19 IST" skipped="0">
  <testcase classname="NOV_Practice.Test_Nov" name="initiazieBrowser" time="14.909"/>
  <system-out/>
</testsuite> <!-- NOV_Practice.Test_Nov -->
