<?xml version="1.0" encoding="UTF-8"?>
<!-- Generated by org.testng.reporters.JUnitReportReporter -->
<testsuite hostname="VINSYSLT0170" failures="0" tests="1" name="NOV_Practice.pract02" time="12.831" errors="0" timestamp="2023-01-18T13:05:00 IST" skipped="0">
  <testcase classname="NOV_Practice.pract02" name="udemytest" time="12.831"/>
  <system-out/>
</testsuite> <!-- NOV_Practice.pract02 -->
