<?xml version="1.0" encoding="UTF-8"?>
<!-- Generated by org.testng.reporters.JUnitReportReporter -->
<testsuite hostname="VINSYSLT0170" failures="0" tests="6" name="com.Bookstation.Bookstation_login" time="45.309" errors="0" timestamp="2023-01-10T18:03:01 IST" skipped="0">
  <testcase classname="com.Bookstation.Bookstation_login" name="test02" time="2.234"/>
  <system-out/>
  <testcase classname="com.Bookstation.Bookstation_login" name="test02" time="3.230"/>
  <system-out/>
  <testcase classname="com.Bookstation.Bookstation_login" name="test01" time="13.411"/>
  <system-out/>
  <testcase classname="com.Bookstation.Bookstation_login" name="test01" time="14.014"/>
  <system-out/>
  <testcase classname="com.Bookstation.Bookstation_login" name="test02" time="2.117"/>
  <system-out/>
  <testcase classname="com.Bookstation.Bookstation_login" name="test01" time="10.303"/>
  <system-out/>
</testsuite> <!-- com.Bookstation.Bookstation_login -->
