<?xml version="1.0" encoding="UTF-8"?>
<!-- Generated by org.testng.reporters.JUnitReportReporter -->
<testsuite hostname="VINSYSLT0170" failures="0" tests="1" name="demoqa.Udemy_practice" time="27.267" errors="0" timestamp="2022-12-23T15:18:20 IST" skipped="0">
  <testcase classname="demoqa.Udemy_practice" name="udemytest_frame" time="27.267"/>
  <system-out/>
</testsuite> <!-- demoqa.Udemy_practice -->
