<?xml version="1.0" encoding="UTF-8"?>
<!-- Generated by org.testng.reporters.JUnitReportReporter -->
<testsuite hostname="VINSYSLT0170" name="StudyPrac.captchaRead" tests="1" failures="0" timestamp="22 Sep 2022 12:35:35 GMT" time="13.351" errors="0">
  <testcase name="f" time="13.351" classname="StudyPrac.captchaRead"/>
</testsuite> <!-- StudyPrac.captchaRead -->
