<?xml version="1.0" encoding="UTF-8"?>
<!-- Generated by org.testng.reporters.JUnitReportReporter -->
<testsuite skipped="0" hostname="VINSYSLT0170" name="demoqa.captchaRead" tests="1" failures="0" timestamp="2022-12-12T15:10:27 IST" time="28.812" errors="0">
  <testcase name="f" time="28.812" classname="demoqa.captchaRead"/>
  <system-out/>
</testsuite> <!-- demoqa.captchaRead -->
